One or more browsers which are configured in the project's Browserslist configuration fall outside Angular's browser support for this version.
Unsupported browsers:
and_qq 14.9, and_uc 15.5, android 142, chrome 109, ios_saf 26.1, op_mob 80, opera 122, opera 121, samsung 29, samsung 28
- Generating browser application bundles (phase: setup)...
[32m✔[39m Browser application bundle generation complete.
[32m✔[39m Browser application bundle generation complete.

Error: [96msrc/app/components/events-table/events-table.component.html[0m:[93m67[0m:[93m25[0m - [91merror[0m[90m TS2339: [0mProperty 'detailsDialog' does not exist on type 'EventsTableComponent'.

[7m67[0m             <a (click)="detailsDialog.openDetailsDialog($event, element.block, '', eventReader)"
[7m  [0m [91m                        ~~~~~~~~~~~~~[0m

  [96msrc/app/components/events-table/events-table.component.ts[0m:[93m37[0m:[93m16[0m
    [7m37[0m   templateUrl: './events-table.component.html',
    [7m  [0m [96m               ~~~~~~~~~~~~~~~~~~~~~~~~~~~~~~~[0m
    Error occurs in the template of component EventsTableComponent.


Error: [96msrc/app/components/events-table/events-table.component.html[0m:[93m77[0m:[93m25[0m - [91merror[0m[90m TS2339: [0mProperty 'detailsDialog' does not exist on type 'EventsTableComponent'.

[7m77[0m             <a (click)="detailsDialog.openDetailsDialog($event, element.block, element.trxHash, eventReader)"
[7m  [0m [91m                        ~~~~~~~~~~~~~[0m

  [96msrc/app/components/events-table/events-table.component.ts[0m:[93m37[0m:[93m16[0m
    [7m37[0m   templateUrl: './events-table.component.html',
    [7m  [0m [96m               ~~~~~~~~~~~~~~~~~~~~~~~~~~~~~~~[0m
    Error occurs in the template of component EventsTableComponent.



