
# RUN: npx --yes -p @angular/cli@18 ng update @angular/cli@18 @angular/core@18 --allow-dirty
Repository is not clean. Update changes will be mixed with pre-existing changes.
The installed Angular CLI version is outdated.
Installing a temporary Angular CLI versioned 18.2.21 to perform the update.
- Installing packages...
(node:43675) [DEP0190] DeprecationWarning: Passing args to a child process with shell option true can lead to security vulnerabilities, as the arguments are not escaped, only concatenated.
(Use `node --trace-deprecation ...` to show where the warning was created)
✔ Packages successfully installed.
Repository is not clean. Update changes will be mixed with pre-existing changes.
Using package manager: npm
Collecting installed dependencies...
Found 34 dependencies.
Fetching dependency metadata from registry...
    Updating package.json with dependency @angular-devkit/build-angular @ "18.2.21" (was "17.3.17")...
    Updating package.json with dependency @angular/cli @ "18.2.21" (was "17.3.17")...
    Updating package.json with dependency @angular/compiler-cli @ "18.2.14" (was "17.3.12")...
    Updating package.json with dependency @angular/animations @ "18.2.14" (was "17.3.12")...
    Updating package.json with dependency @angular/common @ "18.2.14" (was "17.3.12")...
    Updating package.json with dependency @angular/compiler @ "18.2.14" (was "17.3.12")...
    Updating package.json with dependency @angular/core @ "18.2.14" (was "17.3.12")...
    Updating package.json with dependency @angular/forms @ "18.2.14" (was "17.3.12")...
    Updating package.json with dependency @angular/platform-browser @ "18.2.14" (was "17.3.12")...
    Updating package.json with dependency @angular/platform-browser-dynamic @ "18.2.14" (was "17.3.12")...
    Updating package.json with dependency @angular/router @ "18.2.14" (was "17.3.12")...
UPDATE package.json (1725 bytes)
❯ Cleaning node modules directory
✔ Cleaning node modules directory
❯ Installing packages
(node:43700) [DEP0190] DeprecationWarning: Passing args to a child process with shell option true can lead to security vulnerabilities, as the arguments are not escaped, only concatenated.
(Use `node --trace-deprecation ...` to show where the warning was created)
✔ Installing packages
** Optional migrations of package '@angular/cli' **

This package has 1 optional migration that can be executed.
❯ Migrate application projects to the new build system.
  ng update @angular/cli --name use-application-builder

** Executing migrations of package '@angular/core' **

❯ Updates two-way bindings that have an invalid expression to use the longform expression instead.
  Migration completed (No changes made).

❯ Replace deprecated HTTP related modules with provider functions.
  Migration completed (No changes made).

❯ Updates calls to afterRender with an explicit phase to the new API.
  Migration completed (No changes made).

❯ Adds `BootstrapContext` to `bootstrapApplication` calls in `main.server.ts` to support server rendering.
  Migration completed (No changes made).

[OK] npx --yes -p @angular/cli@18 ng update @angular/cli@18 @angular/core@18 --allow-dirty
