
# RUN: npx --yes -p @angular/cli@19 ng update @angular/cli@19 @angular/core@19 --allow-dirty
Repository is not clean. Update changes will be mixed with pre-existing changes.
The installed Angular CLI version is outdated.
Installing a temporary Angular CLI versioned 19.2.19 to perform the update.
(node:44262) [DEP0190] DeprecationWarning: Passing args to a child process with shell option true can lead to security vulnerabilities, as the arguments are not escaped, only concatenated.
(Use `node --trace-deprecation ...` to show where the warning was created)
Repository is not clean. Update changes will be mixed with pre-existing changes.
Using package manager: npm
Collecting installed dependencies...
Found 35 dependencies.
Fetching dependency metadata from registry...
                  Package "@angular/material" has an incompatible peer dependency to "@angular/animations" (requires "^16.0.0 || ^17.0.0" (extended), would install "19.2.17").
                  Package "@angular/cdk" has an incompatible peer dependency to "@angular/common" (requires "^16.0.0 || ^17.0.0" (extended), would install "19.2.17").
                  Package "@angular/cdk" has an incompatible peer dependency to "@angular/core" (requires "^16.0.0 || ^17.0.0" (extended), would install "19.2.17").
                  Package "@angular/material" has an incompatible peer dependency to "@angular/forms" (requires "^16.0.0 || ^17.0.0" (extended), would install "19.2.17").
                  Package "@angular/material" has an incompatible peer dependency to "@angular/platform-browser" (requires "^16.0.0 || ^17.0.0" (extended), would install "19.2.17").
✖ Migration failed: Incompatible peer dependencies found.
Peer dependency warnings when installing dependencies means that those dependencies might not work correctly together.
You can use the '--force' option to ignore incompatible peer dependencies and instead address these warnings later.
  See "/private/var/folders/21/bjywjj2j1k34ctd61czlz_gc0000gn/T/ng-8JnNMH/angular-errors.log" for further details.

[ERROR] command failed: npx --yes -p @angular/cli@19 ng update @angular/cli@19 @angular/core@19 --allow-dirty
Continuing despite error (continue-on-error=true)
