Starting upgrade at Sat Dec 13 13:11:20 CET 2025
Checking environment
v24.12.0
11.6.2
Running npm-check-updates (ncu) to update package.json versions
Upgrading /Users/markus/Projects/IntelliJ/ethereum-event-scan/package.json


All dependencies match the latest package versions :)
Installing updated packages (npm install)

up to date, audited 1063 packages in 2s

201 packages are looking for funding
  run `npm fund` for details

3 vulnerabilities (2 low, 1 moderate)

To address all issues, run:
  npm audit fix

Run `npm audit` for details.
Patching /Users/markus/Projects/IntelliJ/ethereum-event-scan/tsconfig.json
node:fs:440
    return binding.readFileUtf8(path, stringToFlags(options.flag));
                   ^

Error: ENOENT: no such file or directory, open '-'
    at Object.readFileSync (node:fs:440:20)
    at [stdin]:12:16
    at runScriptInThisContext (node:internal/vm:219:10)
    at node:internal/process/execution:451:12
    at [stdin]-wrapper:6:24
    at runScriptInContext (node:internal/process/execution:449:60)
    at evalFunction (node:internal/process/execution:283:30)
    at evalTypeScript (node:internal/process/execution:295:3)
    at node:internal/main/eval_stdin:51:5
    at Socket.<anonymous> (node:internal/process/execution:205:5) {
  errno: -2,
  code: 'ENOENT',
  syscall: 'open',
  path: '-'
}

Node.js v24.12.0
