Starting upgrade at Sat Dec 13 13:12:07 CET 2025
Checking environment
v24.12.0
11.6.2
Running npm-check-updates (ncu) to update package.json versions
Upgrading /Users/markus/Projects/IntelliJ/ethereum-event-scan/package.json


All dependencies match the latest package versions :)
Installing updated packages (npm install)

up to date, audited 1063 packages in 2s

201 packages are looking for funding
  run `npm fund` for details

3 vulnerabilities (2 low, 1 moderate)

To address all issues, run:
  npm audit fix

Run `npm audit` for details.
Patching /Users/markus/Projects/IntelliJ/ethereum-event-scan/tsconfig.json
patched /Users/markus/Projects/IntelliJ/ethereum-event-scan/tsconfig.json
Attempting: ng update @angular/cli@17 @angular/core@17 --allow-dirty --force --yes
Error: Unknown argument: yes
ng update to 17 failed or had migrations; see log
Attempting: ng update @angular/cli@18 @angular/core@18 --allow-dirty --force --yes
Error: Unknown argument: yes
ng update to 18 failed or had migrations; see log
Attempting: ng update @angular/cli@19 @angular/core@19 --allow-dirty --force --yes
Error: Unknown argument: yes
ng update to 19 failed or had migrations; see log
Attempting: ng update @angular/cli@20 @angular/core@20 --allow-dirty --force --yes
Error: Unknown argument: yes
ng update to 20 failed or had migrations; see log
Attempting: ng update @angular/cli@21 @angular/core@21 --allow-dirty --force --yes
Error: Unknown argument: yes
ng update to 21 failed or had migrations; see log
Installing packages after ng update

up to date, audited 1063 packages in 2s

201 packages are looking for funding
  run `npm fund` for details

3 vulnerabilities (2 low, 1 moderate)

To address all issues, run:
  npm audit fix

Run `npm audit` for details.
Running production build (AOT)
Production build (AOT) failed, retrying without AOT to gather errors
Upgrade finished. Main logs:
  /Users/markus/Projects/IntelliJ/ethereum-event-scan/upgrade-logs/upgrade-20251213-131207.log
Build log:
  /Users/markus/Projects/IntelliJ/ethereum-event-scan/upgrade-logs/ng-build-20251213-131231.log
Tip: inspect /Users/markus/Projects/IntelliJ/ethereum-event-scan/upgrade-logs/ng-build-20251213-131231.log and /Users/markus/Projects/IntelliJ/ethereum-event-scan/upgrade-logs/upgrade-20251213-131207.log. Fix any template/standalone/ng module mismatches as needed.
